c:\users\gerry\desktop\bitcamp 2018\myo-sdk-win-0.9.0\samples\x64\debug\vc141.pdb
c:\users\gerry\desktop\bitcamp 2018\myo-sdk-win-0.9.0\samples\x64\debug\myo-data-feed.obj
c:\users\gerry\desktop\bitcamp 2018\myo-sdk-win-0.9.0\samples\x64\debug\hello-myo.obj
c:\users\gerry\documents\github\smegmark\sensorread\myo-sdk-win-0.9.0\samples\x64\debug\vc141.pdb
c:\users\gerry\documents\github\smegmark\sensorread\myo-sdk-win-0.9.0\samples\x64\debug\myo-data-feed.obj
c:\users\gerry\documents\github\smegmark\sensorread\myo-sdk-win-0.9.0\samples\x64\debug\data_feed.obj
c:\users\gerry\documents\github\smegmark\sensorread\myo-sdk-win-0.9.0\samples\x64\debug\hello-myo.obj
c:\users\gerry\desktop\bitcamp 2018\myo-sdk-win-0.9.0\samples\x64\debug\hello-myo-visualstudio2013.exe
c:\users\gerry\desktop\bitcamp 2018\myo-sdk-win-0.9.0\samples\x64\debug\hello-myo-visualstudio2013.ilk
c:\users\gerry\desktop\bitcamp 2018\myo-sdk-win-0.9.0\samples\x64\debug\hello-myo-visualstudio2013.pdb
c:\users\gerry\documents\github\smegmark\sensorread\myo-sdk-win-0.9.0\samples\x64\debug\hello-myo-visualstudio2013.exe
c:\users\gerry\documents\github\smegmark\sensorread\myo-sdk-win-0.9.0\samples\x64\debug\hello-myo-visualstudio2013.ilk
c:\users\gerry\documents\github\smegmark\sensorread\myo-sdk-win-0.9.0\samples\x64\debug\hello-myo-visualstudio2013.pdb
c:\users\gerry\documents\github\smegmark\sensorread\myo-sdk-win-0.9.0\samples\x64\debug\multiple-myos.obj
c:\users\gerry\documents\github\smegmark\sensorread\myo-sdk-win-0.9.0\samples\x64\debug\hello-myo.ilk
c:\users\gerry\documents\github\smegmark\sensorread\myo-sdk-win-0.9.0\samples\x64\debug\multiple-myos-visualstudio2013.ilk
c:\users\gerry\documents\github\smegmark\sensorread\myo-sdk-win-0.9.0\samples\x64\debug\hello-myo.pdb
c:\users\gerry\documents\github\smegmark\sensorread\myo-sdk-win-0.9.0\samples\x64\debug\multiple-myos-visualstudio2013.pdb
c:\users\gerry\documents\github\smegmark\sensorread\myo-sdk-win-0.9.0\samples\x64\debug\hello-my.4f0e43a7.tlog\cl.command.1.tlog
c:\users\gerry\documents\github\smegmark\sensorread\myo-sdk-win-0.9.0\samples\x64\debug\hello-my.4f0e43a7.tlog\cl.read.1.tlog
c:\users\gerry\documents\github\smegmark\sensorread\myo-sdk-win-0.9.0\samples\x64\debug\hello-my.4f0e43a7.tlog\cl.write.1.tlog
c:\users\gerry\documents\github\smegmark\sensorread\myo-sdk-win-0.9.0\samples\x64\debug\hello-my.4f0e43a7.tlog\link.command.1.tlog
c:\users\gerry\documents\github\smegmark\sensorread\myo-sdk-win-0.9.0\samples\x64\debug\hello-my.4f0e43a7.tlog\link.read.1.tlog
c:\users\gerry\documents\github\smegmark\sensorread\myo-sdk-win-0.9.0\samples\x64\debug\hello-my.4f0e43a7.tlog\link.write.1.tlog
